[INFO] Scanning for projects...
[INFO]                                                                         
[INFO] ------------------------------------------------------------------------
[INFO] Building Play! Framework 2.x Maven Test Projects : Play! 2.2.x : Scala : Computer Database 1.0.0-alpha4-SNAPSHOT
[INFO] ------------------------------------------------------------------------
[INFO] 
[INFO] --- play2-maven-plugin:1.0.0-alpha4-SNAPSHOT:routes-compile (default-routes-compile) @ computer-database ---
[INFO] 
[INFO] --- play2-maven-plugin:1.0.0-alpha4-SNAPSHOT:template-compile (default-template-compile) @ computer-database ---
[INFO] 
[INFO] --- maven-resources-plugin:2.6:resources (default-resources) @ computer-database ---
[INFO] Using 'UTF-8' encoding to copy filtered resources.
[INFO] Copying 5 resources
[INFO] Copying 2 resources
[INFO] 
[INFO] --- play2-maven-plugin:1.0.0-alpha4-SNAPSHOT:compile (default-compile) @ computer-database ---
[INFO] 
[INFO] --- play2-maven-plugin:1.0.0-alpha4-SNAPSHOT:enhance (default-enhance) @ computer-database ---
[INFO] 
[INFO] --- maven-resources-plugin:2.6:testResources (default-testResources) @ computer-database ---
[INFO] Using 'UTF-8' encoding to copy filtered resources.
[INFO] skip non existing resourceDirectory E:\scm\googlecode.svn\play2-maven-plugin\trunk\test-projects\play22\scala\computer-database\src\test\resources
[INFO] 
[INFO] --- play2-maven-plugin:1.0.0-alpha4-SNAPSHOT:testCompile (default-testCompile) @ computer-database ---
[INFO] 
[INFO] --- maven-surefire-plugin:2.14:test (default-test) @ computer-database ---
[INFO] Surefire report directory: E:\scm\googlecode.svn\play2-maven-plugin\trunk\test-projects\play22\scala\computer-database\target\surefire-reports

-------------------------------------------------------
 T E S T S
-------------------------------------------------------
Running ApplicationSpec
Tests run: 4, Failures: 0, Errors: 1, Skipped: 0, Time elapsed: 5.297 sec <<< FAILURE!
Application should::list computers on the the first page(ApplicationSpec)  Time elapsed: 1.828 sec  <<< ERROR!
org.h2.jdbc.JdbcSQLException: Objekt jest zamkniety
The object is already closed [90007-172]
	at org.h2.message.DbException.getJdbcSQLException(DbException.java:329)
	at org.h2.message.DbException.get(DbException.java:169)
	at org.h2.message.DbException.get(DbException.java:146)
	at org.h2.message.DbException.get(DbException.java:135)
	at org.h2.jdbc.JdbcConnection.checkClosed(JdbcConnection.java:1410)
	at org.h2.jdbc.JdbcConnection.checkClosed(JdbcConnection.java:1388)
	at org.h2.jdbc.JdbcConnection.setAutoCommit(JdbcConnection.java:409)
	at com.jolbox.bonecp.ConnectionHandle.setAutoCommit(ConnectionHandle.java:1247)
	at play.api.db.BoneCPApi$$anon$1.onCheckOut(DB.scala:329)
	at com.jolbox.bonecp.AbstractConnectionStrategy.postConnection(AbstractConnectionStrategy.java:75)
	at com.jolbox.bonecp.AbstractConnectionStrategy.getConnection(AbstractConnectionStrategy.java:92)
	at com.jolbox.bonecp.BoneCP.getConnection(BoneCP.java:540)
	at com.jolbox.bonecp.BoneCPDataSource.getConnection(BoneCPDataSource.java:131)
	at play.api.db.DBApi$class.getConnection(DB.scala:67)
	at play.api.db.BoneCPApi.getConnection(DB.scala:276)
	at play.api.db.evolutions.Evolutions$.checkEvolutionsState(Evolutions.scala:174)
	at play.api.db.evolutions.Evolutions$.applyScript(Evolutions.scala:277)
	at play.api.db.evolutions.EvolutionsPlugin$$anonfun$onStart$1$$anonfun$apply$1.apply$mcV$sp(Evolutions.scala:470)
	at play.api.db.evolutions.EvolutionsPlugin.withLock(Evolutions.scala:507)
	at play.api.db.evolutions.EvolutionsPlugin$$anonfun$onStart$1.apply(Evolutions.scala:461)
	at play.api.db.evolutions.EvolutionsPlugin$$anonfun$onStart$1.apply(Evolutions.scala:459)
	at play.api.db.evolutions.EvolutionsPlugin.onStart(Evolutions.scala:459)
	at play.api.Play$$anonfun$start$1$$anonfun$apply$mcV$sp$1.apply(Play.scala:88)
	at play.api.Play$$anonfun$start$1$$anonfun$apply$mcV$sp$1.apply(Play.scala:88)
	at play.api.Play$$anonfun$start$1.apply$mcV$sp(Play.scala:88)
	at play.api.Play$$anonfun$start$1.apply(Play.scala:88)
	at play.api.Play$$anonfun$start$1.apply(Play.scala:88)
	at play.utils.Threads$.withContextClassLoader(Threads.scala:18)
	at play.api.Play$.start(Play.scala:87)
	at play.api.test.PlayRunners$class.running(Helpers.scala:44)
	at play.api.test.Helpers$.running(Helpers.scala:364)
	at ApplicationSpec$$anonfun$1$$anonfun$apply$20.apply(ApplicationSpec.scala:31)
	at ApplicationSpec$$anonfun$1$$anonfun$apply$20.apply(ApplicationSpec.scala:31)

Running ModelSpec
Tests run: 3, Failures: 0, Errors: 0, Skipped: 0, Time elapsed: 0.391 sec

Results :

Tests in error: 
   » JdbcSQL Objekt jest zamkniety
The object is already closed [90007-172]

Tests run: 7, Failures: 0, Errors: 1, Skipped: 0

[INFO] ------------------------------------------------------------------------
[INFO] BUILD FAILURE
[INFO] ------------------------------------------------------------------------
[INFO] Total time: 14.828s
[INFO] Finished at: Wed Oct 23 16:38:32 CEST 2013
[INFO] Final Memory: 6M/22M
[INFO] ------------------------------------------------------------------------
[ERROR] Failed to execute goal org.apache.maven.plugins:maven-surefire-plugin:2.14:test (default-test) on project computer-database: There are test failures.
[ERROR] 
[ERROR] Please refer to E:\scm\googlecode.svn\play2-maven-plugin\trunk\test-projects\play22\scala\computer-database\target\surefire-reports for the individual test results.
[ERROR] -> [Help 1]
[ERROR] 
[ERROR] To see the full stack trace of the errors, re-run Maven with the -e switch.
[ERROR] Re-run Maven using the -X switch to enable full debug logging.
[ERROR] 
[ERROR] For more information about the errors and possible solutions, please read the following articles:
[ERROR] [Help 1] http://cwiki.apache.org/confluence/display/MAVEN/MojoFailureException
